<?xml version="1.0" encoding="UTF-8"?>
<!-- Generated by org.testng.reporters.JUnitReportReporter -->
<testsuite ignored="0" hostname="LAPTOP-DMU344E3" failures="0" tests="1" name="ramdonPackage.sampleAlert" time="9.880" errors="0" timestamp="20 Apr 2020 19:00:29 GMT" skipped="0">
  <testcase classname="ramdonPackage.sampleAlert" name="softAssert" time="9.880"/>
</testsuite> <!-- ramdonPackage.sampleAlert -->
