<?xml version="1.0" encoding="UTF-8"?>
<!-- Generated by org.testng.reporters.JUnitReportReporter -->
<testsuite ignored="0" hostname="LAPTOP-DMU344E3" failures="0" tests="1" name="ramdonPackage.sampleAlert" time="14.496" errors="0" timestamp="07 Jun 2020 20:21:12 GMT" skipped="0">
  <testcase classname="ramdonPackage.sampleAlert" name="softAssert" time="14.496"/>
</testsuite> <!-- ramdonPackage.sampleAlert -->
