<?xml version="1.0" encoding="UTF-8"?>
<!-- Generated by org.testng.reporters.JUnitReportReporter -->
<testsuite ignored="0" hostname="LAPTOP-DMU344E3" failures="0" tests="13" name="HomeWorkMar22.yahooAccount_hwC" time="8.070" errors="0" timestamp="09 Apr 2020 18:58:55 GMT" skipped="0">
  <testcase classname="HomeWorkMar22.yahooAccount_hwC" name="validatePhone" time="0.650"/>
  <testcase classname="HomeWorkMar22.yahooAccount_hwC" name="validateFirstName" time="0.692"/>
  <testcase classname="HomeWorkMar22.yahooAccount_hwC" name="validateDate" time="0.620"/>
  <testcase classname="HomeWorkMar22.yahooAccount_hwC" name="validateId" time="0.698"/>
  <testcase classname="HomeWorkMar22.yahooAccount_hwC" name="validatePrivacyPolicy" time="0.544"/>
  <testcase classname="HomeWorkMar22.yahooAccount_hwC" name="validateMonth" time="0.658"/>
  <testcase classname="HomeWorkMar22.yahooAccount_hwC" name="validateLastName" time="0.639"/>
  <testcase classname="HomeWorkMar22.yahooAccount_hwC" name="validateContinueButton" time="0.544"/>
  <testcase classname="HomeWorkMar22.yahooAccount_hwC" name="validateYear" time="0.630"/>
  <testcase classname="HomeWorkMar22.yahooAccount_hwC" name="validateGender" time="0.641"/>
  <testcase classname="HomeWorkMar22.yahooAccount_hwC" name="validateSignIn" time="0.549"/>
  <testcase classname="HomeWorkMar22.yahooAccount_hwC" name="validateTerms" time="0.553"/>
  <testcase classname="HomeWorkMar22.yahooAccount_hwC" name="validatePassword" time="0.652"/>
</testsuite> <!-- HomeWorkMar22.yahooAccount_hwC -->
