<?xml version="1.0" encoding="UTF-8"?>
<!-- Generated by org.testng.reporters.JUnitReportReporter -->
<testsuite ignored="0" hostname="LAPTOP-DMU344E3" failures="0" tests="9" name="HomeWorkMar22.phpTravels_hwB" time="5.810" errors="0" timestamp="09 Apr 2020 14:51:36 GMT" skipped="0">
  <testcase classname="HomeWorkMar22.phpTravels_hwB" name="validateEmail" time="0.813"/>
  <testcase classname="HomeWorkMar22.phpTravels_hwB" name="validatePassword" time="0.674"/>
  <testcase classname="HomeWorkMar22.phpTravels_hwB" name="validateSignUp" time="0.553"/>
  <testcase classname="HomeWorkMar22.phpTravels_hwB" name="validateTitle" time="0.521"/>
  <testcase classname="HomeWorkMar22.phpTravels_hwB" name="validatePhone" time="0.684"/>
  <testcase classname="HomeWorkMar22.phpTravels_hwB" name="validateUrl" time="0.521"/>
  <testcase classname="HomeWorkMar22.phpTravels_hwB" name="validateConfirmPassword" time="0.683"/>
  <testcase classname="HomeWorkMar22.phpTravels_hwB" name="validateFirstName" time="0.701"/>
  <testcase classname="HomeWorkMar22.phpTravels_hwB" name="validateLastName" time="0.660"/>
</testsuite> <!-- HomeWorkMar22.phpTravels_hwB -->
