<?xml version="1.0" encoding="UTF-8"?>
<!-- Generated by org.testng.reporters.JUnitReportReporter -->
<testsuite ignored="0" hostname="LAPTOP-DMU344E3" failures="0" tests="13" name="HomeWorkMar22.yahooAccount_hwC" time="8.368" errors="0" timestamp="07 Apr 2020 03:48:01 GMT" skipped="0">
  <testcase classname="HomeWorkMar22.yahooAccount_hwC" name="validateId" time="0.741"/>
  <testcase classname="HomeWorkMar22.yahooAccount_hwC" name="validatePhone" time="0.690"/>
  <testcase classname="HomeWorkMar22.yahooAccount_hwC" name="validateContinueButton" time="0.546"/>
  <testcase classname="HomeWorkMar22.yahooAccount_hwC" name="validateYear" time="0.638"/>
  <testcase classname="HomeWorkMar22.yahooAccount_hwC" name="validateMonth" time="0.669"/>
  <testcase classname="HomeWorkMar22.yahooAccount_hwC" name="validateTerms" time="0.565"/>
  <testcase classname="HomeWorkMar22.yahooAccount_hwC" name="validateFirstName" time="0.734"/>
  <testcase classname="HomeWorkMar22.yahooAccount_hwC" name="validateDate" time="0.620"/>
  <testcase classname="HomeWorkMar22.yahooAccount_hwC" name="validatePrivacyPolicy" time="0.567"/>
  <testcase classname="HomeWorkMar22.yahooAccount_hwC" name="validateGender" time="0.636"/>
  <testcase classname="HomeWorkMar22.yahooAccount_hwC" name="validateSignIn" time="0.552"/>
  <testcase classname="HomeWorkMar22.yahooAccount_hwC" name="validateLastName" time="0.709"/>
  <testcase classname="HomeWorkMar22.yahooAccount_hwC" name="validatePassword" time="0.701"/>
</testsuite> <!-- HomeWorkMar22.yahooAccount_hwC -->
