<?xml version="1.0" encoding="UTF-8"?>
<!-- Generated by org.testng.reporters.JUnitReportReporter -->
<testsuite ignored="0" hostname="LAPTOP-DMU344E3" failures="0" tests="23" name="HomeWorkMar22.automationPractice_hwD" time="15.255" errors="0" timestamp="07 Apr 2020 03:48:01 GMT" skipped="0">
  <testcase classname="HomeWorkMar22.automationPractice_hwD" name="validateCreateAccount" time="0.652"/>
  <testcase classname="HomeWorkMar22.automationPractice_hwD" name="validateLastName" time="0.638"/>
  <testcase classname="HomeWorkMar22.automationPractice_hwD" name="valdateZipCode" time="0.697"/>
  <testcase classname="HomeWorkMar22.automationPractice_hwD" name="validateHomePhone" time="0.735"/>
  <testcase classname="HomeWorkMar22.automationPractice_hwD" name="valdateState" time="0.662"/>
  <testcase classname="HomeWorkMar22.automationPractice_hwD" name="validateAlias" time="0.693"/>
  <testcase classname="HomeWorkMar22.automationPractice_hwD" name="validateAdditionalInformation" time="0.682"/>
  <testcase classname="HomeWorkMar22.automationPractice_hwD" name="validateFirstName" time="0.618"/>
  <testcase classname="HomeWorkMar22.automationPractice_hwD" name="validateMobilePhone" time="0.695"/>
  <testcase classname="HomeWorkMar22.automationPractice_hwD" name="validateRegister" time="0.564"/>
  <testcase classname="HomeWorkMar22.automationPractice_hwD" name="validateUrl" time="0.515"/>
  <testcase classname="HomeWorkMar22.automationPractice_hwD" name="validateCity" time="0.664"/>
  <testcase classname="HomeWorkMar22.automationPractice_hwD" name="validateTitle" time="0.512"/>
  <testcase classname="HomeWorkMar22.automationPractice_hwD" name="validateDate" time="0.657"/>
  <testcase classname="HomeWorkMar22.automationPractice_hwD" name="validateAddress" time="0.860"/>
  <testcase classname="HomeWorkMar22.automationPractice_hwD" name="validateCompany" time="0.698"/>
  <testcase classname="HomeWorkMar22.automationPractice_hwD" name="validateSpecials" time="0.767"/>
  <testcase classname="HomeWorkMar22.automationPractice_hwD" name="validateSpecialOffers" time="0.604"/>
  <testcase classname="HomeWorkMar22.automationPractice_hwD" name="validateMonth" time="0.777"/>
  <testcase classname="HomeWorkMar22.automationPractice_hwD" name="validateNewsLetter" time="0.613"/>
  <testcase classname="HomeWorkMar22.automationPractice_hwD" name="validateYear" time="0.655"/>
  <testcase classname="HomeWorkMar22.automationPractice_hwD" name="validateTitleMr" time="0.619"/>
  <testcase classname="HomeWorkMar22.automationPractice_hwD" name="validatePassword" time="0.678"/>
</testsuite> <!-- HomeWorkMar22.automationPractice_hwD -->
