<?xml version="1.0" encoding="UTF-8"?>
<!-- Generated by org.testng.reporters.JUnitReportReporter -->
<testsuite ignored="0" hostname="LAPTOP-DMU344E3" failures="0" tests="9" name="HomeWorkMar22.phpTravels_hwG" time="5.793" errors="0" timestamp="07 Apr 2020 03:44:56 GMT" skipped="0">
  <testcase classname="HomeWorkMar22.phpTravels_hwG" name="validateFirstName" time="0.654"/>
  <testcase classname="HomeWorkMar22.phpTravels_hwG" name="validateLastName" time="0.638"/>
  <testcase classname="HomeWorkMar22.phpTravels_hwG" name="validateUrl" time="0.518"/>
  <testcase classname="HomeWorkMar22.phpTravels_hwG" name="validateConfirmPassword" time="0.672"/>
  <testcase classname="HomeWorkMar22.phpTravels_hwG" name="validatePassword" time="0.691"/>
  <testcase classname="HomeWorkMar22.phpTravels_hwG" name="validateEmail" time="0.807"/>
  <testcase classname="HomeWorkMar22.phpTravels_hwG" name="validateSignUp" time="0.557"/>
  <testcase classname="HomeWorkMar22.phpTravels_hwG" name="validateTitle" time="0.517"/>
  <testcase classname="HomeWorkMar22.phpTravels_hwG" name="validatePhone" time="0.739"/>
</testsuite> <!-- HomeWorkMar22.phpTravels_hwG -->
