<?xml version="1.0" encoding="UTF-8"?>
<!-- Generated by org.testng.reporters.JUnitReportReporter -->
<testsuite ignored="0" hostname="LAPTOP-DMU344E3" failures="0" tests="13" name="HomeWorkMar22.yahooAccount_hwC" time="8.531" errors="0" timestamp="09 Jun 2020 00:06:17 GMT" skipped="0">
  <testcase classname="HomeWorkMar22.yahooAccount_hwC" name="validateYear" time="0.662"/>
  <testcase classname="HomeWorkMar22.yahooAccount_hwC" name="validateGender" time="0.654"/>
  <testcase classname="HomeWorkMar22.yahooAccount_hwC" name="validateTerms" time="0.562"/>
  <testcase classname="HomeWorkMar22.yahooAccount_hwC" name="validateFirstName" time="0.778"/>
  <testcase classname="HomeWorkMar22.yahooAccount_hwC" name="validateSignIn" time="0.560"/>
  <testcase classname="HomeWorkMar22.yahooAccount_hwC" name="validateMonth" time="0.680"/>
  <testcase classname="HomeWorkMar22.yahooAccount_hwC" name="validatePassword" time="0.742"/>
  <testcase classname="HomeWorkMar22.yahooAccount_hwC" name="validatePrivacyPolicy" time="0.556"/>
  <testcase classname="HomeWorkMar22.yahooAccount_hwC" name="validateContinueButton" time="0.559"/>
  <testcase classname="HomeWorkMar22.yahooAccount_hwC" name="validateLastName" time="0.671"/>
  <testcase classname="HomeWorkMar22.yahooAccount_hwC" name="validateId" time="0.766"/>
  <testcase classname="HomeWorkMar22.yahooAccount_hwC" name="validateDate" time="0.637"/>
  <testcase classname="HomeWorkMar22.yahooAccount_hwC" name="validatePhone" time="0.704"/>
</testsuite> <!-- HomeWorkMar22.yahooAccount_hwC -->
