<?xml version="1.0" encoding="UTF-8"?>
<!-- Generated by org.testng.reporters.JUnitReportReporter -->
<testsuite ignored="0" hostname="LAPTOP-DMU344E3" failures="0" tests="15" name="HomeWorkMar22.pageNewTours_hwG" time="0.027" errors="1" timestamp="09 Apr 2020 19:30:56 GMT" skipped="14">
  <testcase classname="HomeWorkMar22.pageNewTours_hwG" name="validateEmail" time="0.002">
    <skipped/>
  </testcase> <!-- validateEmail -->
  <testcase classname="HomeWorkMar22.pageNewTours_hwG" name="validateConfirmPassword" time="0.002">
    <skipped/>
  </testcase> <!-- validateConfirmPassword -->
  <testcase classname="HomeWorkMar22.pageNewTours_hwG" name="validateLastName" time="0.001">
    <skipped/>
  </testcase> <!-- validateLastName -->
  <testcase classname="HomeWorkMar22.pageNewTours_hwG" name="validatePostalCode" time="0.002">
    <skipped/>
  </testcase> <!-- validatePostalCode -->
  <testcase classname="HomeWorkMar22.pageNewTours_hwG" name="validatePhone" time="0.003">
    <skipped/>
  </testcase> <!-- validatePhone -->
  <testcase classname="HomeWorkMar22.pageNewTours_hwG" name="validateFirstName" time="0.002">
    <skipped/>
  </testcase> <!-- validateFirstName -->
  <testcase classname="HomeWorkMar22.pageNewTours_hwG" name="validateTitle" time="0.000">
    <skipped/>
  </testcase> <!-- validateTitle -->
  <testcase classname="HomeWorkMar22.pageNewTours_hwG" name="validateUrl" time="0.001">
    <skipped/>
  </testcase> <!-- validateUrl -->
  <testcase classname="HomeWorkMar22.pageNewTours_hwG" name="validateUserName" time="0.002">
    <skipped/>
  </testcase> <!-- validateUserName -->
  <testcase classname="HomeWorkMar22.pageNewTours_hwG" name="beforeTest" time="0.000">
    <error message="session not created
from chrome not reachable
  (Session info: chrome=80.0.3987.163)
Build info: version: &#039;3.141.59&#039;, revision: &#039;e82be7d358&#039;, time: &#039;2018-11-14T08:25:53&#039;
System info: host: &#039;LAPTOP-DMU344E3&#039;, ip: &#039;10.0.0.194&#039;, os.name: &#039;Windows 10&#039;, os.arch: &#039;amd64&#039;, os.version: &#039;10.0&#039;, java.version: &#039;13.0.1&#039;
Driver info: driver.version: ChromeDriver
remote stacktrace: Backtrace:
	Ordinal0 [0x00860C83+1707139]
	Ordinal0 [0x007C68F1+1075441]
	Ordinal0 [0x0073DE72+515698]
	Ordinal0 [0x00737CA8+490664]
	Ordinal0 [0x0073839B+492443]
	Ordinal0 [0x007392F5+496373]
	Ordinal0 [0x00734F05+478981]
	Ordinal0 [0x0073ECA0+519328]
	Ordinal0 [0x006ECA67+182887]
	Ordinal0 [0x006EBDDD+179677]
	Ordinal0 [0x006E9D4B+171339]
	Ordinal0 [0x006D1D4A+73034]
	Ordinal0 [0x006D2DC0+77248]
	Ordinal0 [0x006D2D59+77145]
	Ordinal0 [0x007DBB67+1162087]
	GetHandleVerifier [0x008FA966+508998]
	GetHandleVerifier [0x008FA6A4+508292]
	GetHandleVerifier [0x0090F7B7+594583]
	GetHandleVerifier [0x008FB1D6+511158]
	Ordinal0 [0x007D402C+1130540]
	Ordinal0 [0x007DD4CB+1168587]
	Ordinal0 [0x007DD633+1168947]
	Ordinal0 [0x007F5B35+1268533]
	BaseThreadInitThunk [0x76976359+25]
	RtlGetAppContainerNamedObjectPath [0x778E7B74+228]
	RtlGetAppContainerNamedObjectPath [0x778E7B44+180]
" type="org.openqa.selenium.SessionNotCreatedException">
      <![CDATA[org.openqa.selenium.SessionNotCreatedException: session not created
from chrome not reachable
  (Session info: chrome=80.0.3987.163)
Build info: version: '3.141.59', revision: 'e82be7d358', time: '2018-11-14T08:25:53'
System info: host: 'LAPTOP-DMU344E3', ip: '10.0.0.194', os.name: 'Windows 10', os.arch: 'amd64', os.version: '10.0', java.version: '13.0.1'
Driver info: driver.version: ChromeDriver
remote stacktrace: Backtrace:
	Ordinal0 [0x00860C83+1707139]
	Ordinal0 [0x007C68F1+1075441]
	Ordinal0 [0x0073DE72+515698]
	Ordinal0 [0x00737CA8+490664]
	Ordinal0 [0x0073839B+492443]
	Ordinal0 [0x007392F5+496373]
	Ordinal0 [0x00734F05+478981]
	Ordinal0 [0x0073ECA0+519328]
	Ordinal0 [0x006ECA67+182887]
	Ordinal0 [0x006EBDDD+179677]
	Ordinal0 [0x006E9D4B+171339]
	Ordinal0 [0x006D1D4A+73034]
	Ordinal0 [0x006D2DC0+77248]
	Ordinal0 [0x006D2D59+77145]
	Ordinal0 [0x007DBB67+1162087]
	GetHandleVerifier [0x008FA966+508998]
	GetHandleVerifier [0x008FA6A4+508292]
	GetHandleVerifier [0x0090F7B7+594583]
	GetHandleVerifier [0x008FB1D6+511158]
	Ordinal0 [0x007D402C+1130540]
	Ordinal0 [0x007DD4CB+1168587]
	Ordinal0 [0x007DD633+1168947]
	Ordinal0 [0x007F5B35+1268533]
	BaseThreadInitThunk [0x76976359+25]
	RtlGetAppContainerNamedObjectPath [0x778E7B74+228]
	RtlGetAppContainerNamedObjectPath [0x778E7B44+180]

	at java.base/jdk.internal.reflect.NativeConstructorAccessorImpl.newInstance0(Native Method)
	at java.base/jdk.internal.reflect.NativeConstructorAccessorImpl.newInstance(NativeConstructorAccessorImpl.java:62)
	at java.base/jdk.internal.reflect.DelegatingConstructorAccessorImpl.newInstance(DelegatingConstructorAccessorImpl.java:45)
	at java.base/java.lang.reflect.Constructor.newInstanceWithCaller(Constructor.java:500)
	at java.base/java.lang.reflect.Constructor.newInstance(Constructor.java:481)
	at org.openqa.selenium.remote.W3CHandshakeResponse.lambda$errorHandler$0(W3CHandshakeResponse.java:62)
	at org.openqa.selenium.remote.HandshakeResponse.lambda$getResponseFunction$0(HandshakeResponse.java:30)
	at org.openqa.selenium.remote.ProtocolHandshake.lambda$createSession$0(ProtocolHandshake.java:126)
	at java.base/java.util.stream.ReferencePipeline$3$1.accept(ReferencePipeline.java:195)
	at java.base/java.util.Spliterators$ArraySpliterator.tryAdvance(Spliterators.java:958)
	at java.base/java.util.stream.ReferencePipeline.forEachWithCancel(ReferencePipeline.java:127)
	at java.base/java.util.stream.AbstractPipeline.copyIntoWithCancel(AbstractPipeline.java:502)
	at java.base/java.util.stream.AbstractPipeline.copyInto(AbstractPipeline.java:488)
	at java.base/java.util.stream.AbstractPipeline.wrapAndCopyInto(AbstractPipeline.java:474)
	at java.base/java.util.stream.FindOps$FindOp.evaluateSequential(FindOps.java:150)
	at java.base/java.util.stream.AbstractPipeline.evaluate(AbstractPipeline.java:234)
	at java.base/java.util.stream.ReferencePipeline.findFirst(ReferencePipeline.java:543)
	at org.openqa.selenium.remote.ProtocolHandshake.createSession(ProtocolHandshake.java:128)
	at org.openqa.selenium.remote.ProtocolHandshake.createSession(ProtocolHandshake.java:74)
	at org.openqa.selenium.remote.HttpCommandExecutor.execute(HttpCommandExecutor.java:136)
	at org.openqa.selenium.remote.service.DriverCommandExecutor.execute(DriverCommandExecutor.java:83)
	at org.openqa.selenium.remote.RemoteWebDriver.execute(RemoteWebDriver.java:552)
	at org.openqa.selenium.remote.RemoteWebDriver.startSession(RemoteWebDriver.java:213)
	at org.openqa.selenium.remote.RemoteWebDriver.<init>(RemoteWebDriver.java:131)
	at org.openqa.selenium.chrome.ChromeDriver.<init>(ChromeDriver.java:181)
	at org.openqa.selenium.chrome.ChromeDriver.<init>(ChromeDriver.java:168)
	at org.openqa.selenium.chrome.ChromeDriver.<init>(ChromeDriver.java:123)
	at HomeWorkMar22.pageNewTours_hwG.beforeTest(pageNewTours_hwG.java:31)
	at java.base/jdk.internal.reflect.NativeMethodAccessorImpl.invoke0(Native Method)
	at java.base/jdk.internal.reflect.NativeMethodAccessorImpl.invoke(NativeMethodAccessorImpl.java:62)
	at java.base/jdk.internal.reflect.DelegatingMethodAccessorImpl.invoke(DelegatingMethodAccessorImpl.java:43)
	at java.base/java.lang.reflect.Method.invoke(Method.java:567)
	at org.testng.internal.MethodInvocationHelper.invokeMethod(MethodInvocationHelper.java:104)
	at org.testng.internal.Invoker.invokeConfigurationMethod(Invoker.java:515)
	at org.testng.internal.Invoker.invokeConfigurations(Invoker.java:217)
	at org.testng.internal.Invoker.invokeConfigurations(Invoker.java:144)
	at org.testng.TestRunner.beforeRun(TestRunner.java:634)
	at org.testng.TestRunner.run(TestRunner.java:602)
	at org.testng.SuiteRunner.runTest(SuiteRunner.java:387)
	at org.testng.SuiteRunner.access$000(SuiteRunner.java:39)
	at org.testng.SuiteRunner$SuiteWorker.run(SuiteRunner.java:421)
	at org.testng.internal.thread.ThreadUtil$2.call(ThreadUtil.java:64)
	at java.base/java.util.concurrent.FutureTask.run(FutureTask.java:264)
	at java.base/java.util.concurrent.ThreadPoolExecutor.runWorker(ThreadPoolExecutor.java:1128)
	at java.base/java.util.concurrent.ThreadPoolExecutor$Worker.run(ThreadPoolExecutor.java:628)
	at java.base/java.lang.Thread.run(Thread.java:830)
]]>
    </error>
  </testcase> <!-- beforeTest -->
  <testcase classname="HomeWorkMar22.pageNewTours_hwG" name="validateSubmit" time="0.003">
    <skipped/>
  </testcase> <!-- validateSubmit -->
  <testcase classname="HomeWorkMar22.pageNewTours_hwG" name="validateAddress" time="0.002">
    <skipped/>
  </testcase> <!-- validateAddress -->
  <testcase classname="HomeWorkMar22.pageNewTours_hwG" name="validateCity" time="0.002">
    <skipped/>
  </testcase> <!-- validateCity -->
  <testcase classname="HomeWorkMar22.pageNewTours_hwG" name="validateState" time="0.002">
    <skipped/>
  </testcase> <!-- validateState -->
  <testcase classname="HomeWorkMar22.pageNewTours_hwG" name="validatePassword" time="0.003">
    <skipped/>
  </testcase> <!-- validatePassword -->
</testsuite> <!-- HomeWorkMar22.pageNewTours_hwG -->
