<?xml version="1.0" encoding="UTF-8"?>
<!-- Generated by org.testng.reporters.JUnitReportReporter -->
<testsuite ignored="0" hostname="LAPTOP-DMU344E3" failures="0" tests="9" name="HomeWorkMar22.phpTravels_hwB" time="5.778" errors="0" timestamp="20 Apr 2020 00:41:03 GMT" skipped="0">
  <testcase classname="HomeWorkMar22.phpTravels_hwB" name="validateSignUp" time="0.554"/>
  <testcase classname="HomeWorkMar22.phpTravels_hwB" name="validateFirstName" time="0.694"/>
  <testcase classname="HomeWorkMar22.phpTravels_hwB" name="validateLastName" time="0.674"/>
  <testcase classname="HomeWorkMar22.phpTravels_hwB" name="validatePhone" time="0.695"/>
  <testcase classname="HomeWorkMar22.phpTravels_hwB" name="validateConfirmPassword" time="0.668"/>
  <testcase classname="HomeWorkMar22.phpTravels_hwB" name="validateTitle" time="0.515"/>
  <testcase classname="HomeWorkMar22.phpTravels_hwB" name="validatePassword" time="0.678"/>
  <testcase classname="HomeWorkMar22.phpTravels_hwB" name="validateUrl" time="0.516"/>
  <testcase classname="HomeWorkMar22.phpTravels_hwB" name="validateEmail" time="0.784"/>
</testsuite> <!-- HomeWorkMar22.phpTravels_hwB -->
