<?xml version="1.0" encoding="UTF-8"?>
<!-- Generated by org.testng.reporters.JUnitReportReporter -->
<testsuite ignored="0" hostname="LAPTOP-DMU344E3" failures="0" tests="42" name="HomeWorkMar22.pageNewTours_hwA" time="34.694" errors="0" timestamp="09 Jun 2020 00:08:02 GMT" skipped="0">
  <testcase classname="HomeWorkMar22.pageNewTours_hwA" name="validateSubmit" time="0.591"/>
  <testcase classname="HomeWorkMar22.pageNewTours_hwA" name="validateLastName" time="0.736"/>
  <testcase classname="HomeWorkMar22.pageNewTours_hwA" name="validateUrl" time="0.512"/>
  <testcase classname="HomeWorkMar22.pageNewTours_hwA" name="validateEmail" time="0.568"/>
  <testcase classname="HomeWorkMar22.pageNewTours_hwA" name="validatePhone" time="1.496"/>
  <testcase classname="HomeWorkMar22.pageNewTours_hwA" name="validatePostalCode" time="0.655"/>
  <testcase classname="HomeWorkMar22.pageNewTours_hwA" name="validatePhone" time="0.550"/>
  <testcase classname="HomeWorkMar22.pageNewTours_hwA" name="validateFirstName" time="0.839"/>
  <testcase classname="HomeWorkMar22.pageNewTours_hwA" name="validateSubmit" time="0.601"/>
  <testcase classname="HomeWorkMar22.pageNewTours_hwA" name="validateAddress" time="1.432"/>
  <testcase classname="HomeWorkMar22.pageNewTours_hwA" name="validateCity" time="0.687"/>
  <testcase classname="HomeWorkMar22.pageNewTours_hwA" name="validateCity" time="0.552"/>
  <testcase classname="HomeWorkMar22.pageNewTours_hwA" name="validateConfirmPassword" time="0.570"/>
  <testcase classname="HomeWorkMar22.pageNewTours_hwA" name="validateLastName" time="1.378"/>
  <testcase classname="HomeWorkMar22.pageNewTours_hwA" name="validateState" time="1.175"/>
  <testcase classname="HomeWorkMar22.pageNewTours_hwA" name="validateAddress" time="0.577"/>
  <testcase classname="HomeWorkMar22.pageNewTours_hwA" name="validateTitle" time="0.512"/>
  <testcase classname="HomeWorkMar22.pageNewTours_hwA" name="validateUrl" time="0.511"/>
  <testcase classname="HomeWorkMar22.pageNewTours_hwA" name="validateLastName" time="0.544"/>
  <testcase classname="HomeWorkMar22.pageNewTours_hwA" name="validateState" time="0.549"/>
  <testcase classname="HomeWorkMar22.pageNewTours_hwA" name="validatePhone" time="0.761"/>
  <testcase classname="HomeWorkMar22.pageNewTours_hwA" name="validateUserName" time="0.548"/>
  <testcase classname="HomeWorkMar22.pageNewTours_hwA" name="validateFirstName" time="0.653"/>
  <testcase classname="HomeWorkMar22.pageNewTours_hwA" name="validateFirstName" time="2.160"/>
  <testcase classname="HomeWorkMar22.pageNewTours_hwA" name="validateEmail" time="1.357"/>
  <testcase classname="HomeWorkMar22.pageNewTours_hwA" name="validateAddress" time="1.001"/>
  <testcase classname="HomeWorkMar22.pageNewTours_hwA" name="validateUserName" time="0.726"/>
  <testcase classname="HomeWorkMar22.pageNewTours_hwA" name="validatePostalCode" time="1.181"/>
  <testcase classname="HomeWorkMar22.pageNewTours_hwA" name="validateUserName" time="1.232"/>
  <testcase classname="HomeWorkMar22.pageNewTours_hwA" name="validateTitle" time="0.518"/>
  <testcase classname="HomeWorkMar22.pageNewTours_hwA" name="validateState" time="0.700"/>
  <testcase classname="HomeWorkMar22.pageNewTours_hwA" name="validateCity" time="1.242"/>
  <testcase classname="HomeWorkMar22.pageNewTours_hwA" name="validatePostalCode" time="0.544"/>
  <testcase classname="HomeWorkMar22.pageNewTours_hwA" name="validateSubmit" time="1.023"/>
  <testcase classname="HomeWorkMar22.pageNewTours_hwA" name="validateEmail" time="0.860"/>
  <testcase classname="HomeWorkMar22.pageNewTours_hwA" name="validatePassword" time="0.683"/>
  <testcase classname="HomeWorkMar22.pageNewTours_hwA" name="validatePassword" time="0.551"/>
  <testcase classname="HomeWorkMar22.pageNewTours_hwA" name="validateConfirmPassword" time="1.044"/>
  <testcase classname="HomeWorkMar22.pageNewTours_hwA" name="validateTitle" time="0.517"/>
  <testcase classname="HomeWorkMar22.pageNewTours_hwA" name="validatePassword" time="1.153"/>
  <testcase classname="HomeWorkMar22.pageNewTours_hwA" name="validateUrl" time="0.533"/>
  <testcase classname="HomeWorkMar22.pageNewTours_hwA" name="validateConfirmPassword" time="0.672"/>
</testsuite> <!-- HomeWorkMar22.pageNewTours_hwA -->
