<?xml version="1.0" encoding="UTF-8"?>
<!-- Generated by org.testng.reporters.JUnitReportReporter -->
<testsuite ignored="0" hostname="LAPTOP-DMU344E3" failures="0" tests="14" name="HomeWorkMar22.pageNewTours_hwG" time="9.809" errors="0" timestamp="11 Apr 2020 19:06:33 GMT" skipped="0">
  <testcase classname="HomeWorkMar22.pageNewTours_hwG" name="validateState" time="0.709"/>
  <testcase classname="HomeWorkMar22.pageNewTours_hwG" name="validatePhone" time="0.742"/>
  <testcase classname="HomeWorkMar22.pageNewTours_hwG" name="validatePassword" time="0.691"/>
  <testcase classname="HomeWorkMar22.pageNewTours_hwG" name="validateAddress" time="0.935"/>
  <testcase classname="HomeWorkMar22.pageNewTours_hwG" name="validateTitle" time="0.515"/>
  <testcase classname="HomeWorkMar22.pageNewTours_hwG" name="validateUserName" time="0.702"/>
  <testcase classname="HomeWorkMar22.pageNewTours_hwG" name="validateConfirmPassword" time="0.681"/>
  <testcase classname="HomeWorkMar22.pageNewTours_hwG" name="validateLastName" time="0.672"/>
  <testcase classname="HomeWorkMar22.pageNewTours_hwG" name="validateFirstName" time="0.798"/>
  <testcase classname="HomeWorkMar22.pageNewTours_hwG" name="validateUrl" time="0.543"/>
  <testcase classname="HomeWorkMar22.pageNewTours_hwG" name="validateSubmit" time="0.645"/>
  <testcase classname="HomeWorkMar22.pageNewTours_hwG" name="validateEmail" time="0.789"/>
  <testcase classname="HomeWorkMar22.pageNewTours_hwG" name="validatePostalCode" time="0.665"/>
  <testcase classname="HomeWorkMar22.pageNewTours_hwG" name="validateCity" time="0.722"/>
</testsuite> <!-- HomeWorkMar22.pageNewTours_hwG -->
