<?xml version="1.0" encoding="UTF-8"?>
<!-- Generated by org.testng.reporters.JUnitReportReporter -->
<testsuite ignored="0" hostname="LAPTOP-DMU344E3" failures="0" tests="13" name="HomeWorkMar22.yahooAccount_hwC" time="8.600" errors="0" timestamp="19 Apr 2020 22:56:34 GMT" skipped="0">
  <testcase classname="HomeWorkMar22.yahooAccount_hwC" name="validateYear" time="0.643"/>
  <testcase classname="HomeWorkMar22.yahooAccount_hwC" name="validateLastName" time="0.675"/>
  <testcase classname="HomeWorkMar22.yahooAccount_hwC" name="validateDate" time="0.652"/>
  <testcase classname="HomeWorkMar22.yahooAccount_hwC" name="validateFirstName" time="0.760"/>
  <testcase classname="HomeWorkMar22.yahooAccount_hwC" name="validatePrivacyPolicy" time="0.658"/>
  <testcase classname="HomeWorkMar22.yahooAccount_hwC" name="validatePassword" time="0.724"/>
  <testcase classname="HomeWorkMar22.yahooAccount_hwC" name="validateContinueButton" time="0.566"/>
  <testcase classname="HomeWorkMar22.yahooAccount_hwC" name="validateTerms" time="0.573"/>
  <testcase classname="HomeWorkMar22.yahooAccount_hwC" name="validatePhone" time="0.708"/>
  <testcase classname="HomeWorkMar22.yahooAccount_hwC" name="validateId" time="0.737"/>
  <testcase classname="HomeWorkMar22.yahooAccount_hwC" name="validateGender" time="0.652"/>
  <testcase classname="HomeWorkMar22.yahooAccount_hwC" name="validateSignIn" time="0.558"/>
  <testcase classname="HomeWorkMar22.yahooAccount_hwC" name="validateMonth" time="0.694"/>
</testsuite> <!-- HomeWorkMar22.yahooAccount_hwC -->
