<?xml version="1.0" encoding="UTF-8"?>
<!-- Generated by org.testng.reporters.JUnitReportReporter -->
<testsuite ignored="0" hostname="LAPTOP-DMU344E3" failures="0" tests="23" name="HomeWorkMar22.automationPractice_hwD" time="14.513" errors="0" timestamp="09 Apr 2020 19:32:03 GMT" skipped="0">
  <testcase classname="HomeWorkMar22.automationPractice_hwD" name="validateCreateAccount" time="0.599"/>
  <testcase classname="HomeWorkMar22.automationPractice_hwD" name="validateLastName" time="0.652"/>
  <testcase classname="HomeWorkMar22.automationPractice_hwD" name="valdateZipCode" time="0.612"/>
  <testcase classname="HomeWorkMar22.automationPractice_hwD" name="validateHomePhone" time="0.648"/>
  <testcase classname="HomeWorkMar22.automationPractice_hwD" name="valdateState" time="0.613"/>
  <testcase classname="HomeWorkMar22.automationPractice_hwD" name="validateAlias" time="0.655"/>
  <testcase classname="HomeWorkMar22.automationPractice_hwD" name="validateAdditionalInformation" time="0.639"/>
  <testcase classname="HomeWorkMar22.automationPractice_hwD" name="validateFirstName" time="0.635"/>
  <testcase classname="HomeWorkMar22.automationPractice_hwD" name="validateMobilePhone" time="0.641"/>
  <testcase classname="HomeWorkMar22.automationPractice_hwD" name="validateRegister" time="0.549"/>
  <testcase classname="HomeWorkMar22.automationPractice_hwD" name="validateUrl" time="0.520"/>
  <testcase classname="HomeWorkMar22.automationPractice_hwD" name="validateCity" time="0.646"/>
  <testcase classname="HomeWorkMar22.automationPractice_hwD" name="validateTitle" time="0.514"/>
  <testcase classname="HomeWorkMar22.automationPractice_hwD" name="validateDate" time="0.623"/>
  <testcase classname="HomeWorkMar22.automationPractice_hwD" name="validateAddress" time="0.799"/>
  <testcase classname="HomeWorkMar22.automationPractice_hwD" name="validateCompany" time="0.674"/>
  <testcase classname="HomeWorkMar22.automationPractice_hwD" name="validateSpecials" time="0.744"/>
  <testcase classname="HomeWorkMar22.automationPractice_hwD" name="validateSpecialOffers" time="0.579"/>
  <testcase classname="HomeWorkMar22.automationPractice_hwD" name="validateMonth" time="0.701"/>
  <testcase classname="HomeWorkMar22.automationPractice_hwD" name="validateNewsLetter" time="0.587"/>
  <testcase classname="HomeWorkMar22.automationPractice_hwD" name="validateYear" time="0.616"/>
  <testcase classname="HomeWorkMar22.automationPractice_hwD" name="validateTitleMr" time="0.600"/>
  <testcase classname="HomeWorkMar22.automationPractice_hwD" name="validatePassword" time="0.667"/>
</testsuite> <!-- HomeWorkMar22.automationPractice_hwD -->
