<?xml version="1.0" encoding="UTF-8"?>
<!-- Generated by org.testng.reporters.JUnitReportReporter -->
<testsuite ignored="0" hostname="LAPTOP-DMU344E3" failures="0" tests="9" name="HomeWorkMar22.phpTravels_hwG" time="6.350" errors="0" timestamp="15 May 2020 14:39:24 GMT" skipped="0">
  <testcase classname="HomeWorkMar22.phpTravels_hwG" name="validateLastName" time="0.698"/>
  <testcase classname="HomeWorkMar22.phpTravels_hwG" name="validateUrl" time="0.515"/>
  <testcase classname="HomeWorkMar22.phpTravels_hwG" name="validateConfirmPassword" time="0.748"/>
  <testcase classname="HomeWorkMar22.phpTravels_hwG" name="validateTitle" time="0.513"/>
  <testcase classname="HomeWorkMar22.phpTravels_hwG" name="validateFirstName" time="0.758"/>
  <testcase classname="HomeWorkMar22.phpTravels_hwG" name="validateEmail" time="0.974"/>
  <testcase classname="HomeWorkMar22.phpTravels_hwG" name="validatePhone" time="0.827"/>
  <testcase classname="HomeWorkMar22.phpTravels_hwG" name="validateSignUp" time="0.582"/>
  <testcase classname="HomeWorkMar22.phpTravels_hwG" name="validatePassword" time="0.735"/>
</testsuite> <!-- HomeWorkMar22.phpTravels_hwG -->
