<?xml version="1.0" encoding="UTF-8"?>
<!-- Generated by org.testng.reporters.JUnitReportReporter -->
<testsuite ignored="0" hostname="LAPTOP-DMU344E3" failures="0" tests="9" name="HomeWorkMar22.phpTravels_hwB" time="5.435" errors="0" timestamp="09 Apr 2020 19:32:03 GMT" skipped="0">
  <testcase classname="HomeWorkMar22.phpTravels_hwB" name="validateLastName" time="0.635"/>
  <testcase classname="HomeWorkMar22.phpTravels_hwB" name="validatePhone" time="0.653"/>
  <testcase classname="HomeWorkMar22.phpTravels_hwB" name="validateTitle" time="0.513"/>
  <testcase classname="HomeWorkMar22.phpTravels_hwB" name="validateUrl" time="0.513"/>
  <testcase classname="HomeWorkMar22.phpTravels_hwB" name="validateFirstName" time="0.617"/>
  <testcase classname="HomeWorkMar22.phpTravels_hwB" name="validatePassword" time="0.643"/>
  <testcase classname="HomeWorkMar22.phpTravels_hwB" name="validateEmail" time="0.689"/>
  <testcase classname="HomeWorkMar22.phpTravels_hwB" name="validateSignUp" time="0.538"/>
  <testcase classname="HomeWorkMar22.phpTravels_hwB" name="validateConfirmPassword" time="0.634"/>
</testsuite> <!-- HomeWorkMar22.phpTravels_hwB -->
