<?xml version="1.0" encoding="UTF-8"?>
<!-- Generated by org.testng.reporters.JUnitReportReporter -->
<testsuite ignored="0" hostname="LAPTOP-DMU344E3" failures="0" tests="9" name="HomeWorkMar22.phpTravels_hwG" time="6.249" errors="0" timestamp="08 Jun 2020 23:57:42 GMT" skipped="0">
  <testcase classname="HomeWorkMar22.phpTravels_hwG" name="validateConfirmPassword" time="0.723"/>
  <testcase classname="HomeWorkMar22.phpTravels_hwG" name="validateEmail" time="0.935"/>
  <testcase classname="HomeWorkMar22.phpTravels_hwG" name="validateUrl" time="0.519"/>
  <testcase classname="HomeWorkMar22.phpTravels_hwG" name="validateSignUp" time="0.555"/>
  <testcase classname="HomeWorkMar22.phpTravels_hwG" name="validateFirstName" time="0.782"/>
  <testcase classname="HomeWorkMar22.phpTravels_hwG" name="validateLastName" time="0.687"/>
  <testcase classname="HomeWorkMar22.phpTravels_hwG" name="validateTitle" time="0.514"/>
  <testcase classname="HomeWorkMar22.phpTravels_hwG" name="validatePassword" time="0.739"/>
  <testcase classname="HomeWorkMar22.phpTravels_hwG" name="validatePhone" time="0.795"/>
</testsuite> <!-- HomeWorkMar22.phpTravels_hwG -->
