<?xml version="1.0" encoding="UTF-8"?>
<!-- Generated by org.testng.reporters.JUnitReportReporter -->
<testsuite ignored="0" hostname="LAPTOP-DMU344E3" failures="0" tests="9" name="HomeWorkMar22.phpTravels_hwG" time="6.019" errors="0" timestamp="11 Apr 2020 19:06:33 GMT" skipped="0">
  <testcase classname="HomeWorkMar22.phpTravels_hwG" name="validateEmail" time="0.850"/>
  <testcase classname="HomeWorkMar22.phpTravels_hwG" name="validatePhone" time="0.749"/>
  <testcase classname="HomeWorkMar22.phpTravels_hwG" name="validateLastName" time="0.676"/>
  <testcase classname="HomeWorkMar22.phpTravels_hwG" name="validatePassword" time="0.705"/>
  <testcase classname="HomeWorkMar22.phpTravels_hwG" name="validateFirstName" time="0.705"/>
  <testcase classname="HomeWorkMar22.phpTravels_hwG" name="validateSignUp" time="0.579"/>
  <testcase classname="HomeWorkMar22.phpTravels_hwG" name="validateTitle" time="0.515"/>
  <testcase classname="HomeWorkMar22.phpTravels_hwG" name="validateUrl" time="0.518"/>
  <testcase classname="HomeWorkMar22.phpTravels_hwG" name="validateConfirmPassword" time="0.722"/>
</testsuite> <!-- HomeWorkMar22.phpTravels_hwG -->
