<?xml version="1.0" encoding="UTF-8"?>
<!-- Generated by org.testng.reporters.JUnitReportReporter -->
<testsuite ignored="0" hostname="LAPTOP-DMU344E3" failures="0" tests="13" name="HomeWorkMar22.yahooAccount_hwC" time="8.704" errors="0" timestamp="11 Apr 2020 03:29:42 GMT" skipped="0">
  <testcase classname="HomeWorkMar22.yahooAccount_hwC" name="validateYear" time="0.655"/>
  <testcase classname="HomeWorkMar22.yahooAccount_hwC" name="validateLastName" time="0.722"/>
  <testcase classname="HomeWorkMar22.yahooAccount_hwC" name="validateDate" time="0.638"/>
  <testcase classname="HomeWorkMar22.yahooAccount_hwC" name="validateFirstName" time="0.848"/>
  <testcase classname="HomeWorkMar22.yahooAccount_hwC" name="validatePrivacyPolicy" time="0.558"/>
  <testcase classname="HomeWorkMar22.yahooAccount_hwC" name="validatePassword" time="0.733"/>
  <testcase classname="HomeWorkMar22.yahooAccount_hwC" name="validateContinueButton" time="0.556"/>
  <testcase classname="HomeWorkMar22.yahooAccount_hwC" name="validateTerms" time="0.562"/>
  <testcase classname="HomeWorkMar22.yahooAccount_hwC" name="validatePhone" time="0.728"/>
  <testcase classname="HomeWorkMar22.yahooAccount_hwC" name="validateId" time="0.774"/>
  <testcase classname="HomeWorkMar22.yahooAccount_hwC" name="validateGender" time="0.659"/>
  <testcase classname="HomeWorkMar22.yahooAccount_hwC" name="validateSignIn" time="0.559"/>
  <testcase classname="HomeWorkMar22.yahooAccount_hwC" name="validateMonth" time="0.712"/>
</testsuite> <!-- HomeWorkMar22.yahooAccount_hwC -->
