<?xml version="1.0" encoding="UTF-8"?>
<!-- Generated by org.testng.reporters.JUnitReportReporter -->
<testsuite ignored="0" hostname="LAPTOP-DMU344E3" failures="0" tests="9" name="HomeWorkMar22.phpTravels_hwB" time="0.012" errors="0" timestamp="09 Jun 2020 00:00:53 GMT" skipped="9">
  <testcase classname="HomeWorkMar22.phpTravels_hwB" name="validateSignUp" time="0.001">
    <skipped/>
  </testcase> <!-- validateSignUp -->
  <testcase classname="HomeWorkMar22.phpTravels_hwB" name="validateConfirmPassword" time="0.002">
    <skipped/>
  </testcase> <!-- validateConfirmPassword -->
  <testcase classname="HomeWorkMar22.phpTravels_hwB" name="validatePhone" time="0.001">
    <skipped/>
  </testcase> <!-- validatePhone -->
  <testcase classname="HomeWorkMar22.phpTravels_hwB" name="validateFirstName" time="0.002">
    <skipped/>
  </testcase> <!-- validateFirstName -->
  <testcase classname="HomeWorkMar22.phpTravels_hwB" name="validateLastName" time="0.002">
    <skipped/>
  </testcase> <!-- validateLastName -->
  <testcase classname="HomeWorkMar22.phpTravels_hwB" name="validatePassword" time="0.001">
    <skipped/>
  </testcase> <!-- validatePassword -->
  <testcase classname="HomeWorkMar22.phpTravels_hwB" name="validateEmail" time="0.002">
    <skipped/>
  </testcase> <!-- validateEmail -->
  <testcase classname="HomeWorkMar22.phpTravels_hwB" name="validateUrl" time="0.001">
    <skipped/>
  </testcase> <!-- validateUrl -->
  <testcase classname="HomeWorkMar22.phpTravels_hwB" name="validateTitle" time="0.000">
    <skipped/>
  </testcase> <!-- validateTitle -->
</testsuite> <!-- HomeWorkMar22.phpTravels_hwB -->
