<?xml version="1.0" encoding="UTF-8"?>
<!-- Generated by org.testng.reporters.JUnitReportReporter -->
<testsuite ignored="0" hostname="LAPTOP-DMU344E3" failures="0" tests="13" name="HomeWorkMar22.yahooAccount_hwC" time="7.996" errors="0" timestamp="09 Apr 2020 19:32:03 GMT" skipped="0">
  <testcase classname="HomeWorkMar22.yahooAccount_hwC" name="validateId" time="0.700"/>
  <testcase classname="HomeWorkMar22.yahooAccount_hwC" name="validatePhone" time="0.646"/>
  <testcase classname="HomeWorkMar22.yahooAccount_hwC" name="validateContinueButton" time="0.539"/>
  <testcase classname="HomeWorkMar22.yahooAccount_hwC" name="validateYear" time="0.626"/>
  <testcase classname="HomeWorkMar22.yahooAccount_hwC" name="validateMonth" time="0.654"/>
  <testcase classname="HomeWorkMar22.yahooAccount_hwC" name="validateTerms" time="0.550"/>
  <testcase classname="HomeWorkMar22.yahooAccount_hwC" name="validateFirstName" time="0.653"/>
  <testcase classname="HomeWorkMar22.yahooAccount_hwC" name="validateDate" time="0.619"/>
  <testcase classname="HomeWorkMar22.yahooAccount_hwC" name="validatePrivacyPolicy" time="0.550"/>
  <testcase classname="HomeWorkMar22.yahooAccount_hwC" name="validateGender" time="0.614"/>
  <testcase classname="HomeWorkMar22.yahooAccount_hwC" name="validateSignIn" time="0.541"/>
  <testcase classname="HomeWorkMar22.yahooAccount_hwC" name="validateLastName" time="0.637"/>
  <testcase classname="HomeWorkMar22.yahooAccount_hwC" name="validatePassword" time="0.667"/>
</testsuite> <!-- HomeWorkMar22.yahooAccount_hwC -->
