<?xml version="1.0" encoding="UTF-8"?>
<!-- Generated by org.testng.reporters.JUnitReportReporter -->
<testsuite ignored="0" hostname="LAPTOP-DMU344E3" failures="0" tests="1" name="Agile1Tech.sqaTest.test1" time="10.002" errors="0" timestamp="27 Apr 2020 16:00:37 GMT" skipped="0">
  <testcase classname="Agile1Tech.sqaTest.test1" name="sampleTest" time="10.002"/>
</testsuite> <!-- Agile1Tech.sqaTest.test1 -->
